2025-11-02T08:51:40.3028897Z,Updating submodules.,4a94a7cb-9611-4a04-9fe5-1e1248922bd1,0
2025-11-02T08:51:40.4591511Z,Preparing deployment for commit id '16d86e53cb'.,bf92e507-0f62-4adf-ba8f-5b52e357a146,0
2025-11-02T08:51:40.8810205Z,Generating deployment script.,2f65d6ad-58ce-4a3c-a927-0c50cda64ceb,0
	2025-11-02T08:51:41.2910504Z,Using cached version of deployment script (command: 'azure -y --no-dot-deployment -r "C:\local\Temp\zipdeploy\extracted" -o "C:\home\site\deployments\tools" --node --sitePath "C:\local\Temp\zipdeploy\extracted"').,,0
2025-11-02T08:51:41.5372769Z,Running deployment command...,be90b7c0-ae79-415a-9fb1-b263ed4c0b05,0
	2025-11-02T08:51:41.5733677Z,Command: "C:\home\site\deployments\tools\deploy.cmd",,0
	2025-11-02T08:51:46.1639031Z,Handling node.js deployment.,,0
	2025-11-02T08:51:46.1935719Z,Creating app_offline.htm,,0
	2025-11-02T08:51:46.2560748Z,KuduSync.NET from: 'C:\local\Temp\zipdeploy\extracted' to: 'C:\home\site\wwwroot',,0
	2025-11-02T08:51:46.3029503Z,Copying file: 'package-lock.json',,0
	2025-11-02T08:51:46.3391174Z,Copying file: 'server.js',,0
	2025-11-02T08:51:46.3810744Z,Deleting app_offline.htm,,0
	2025-11-02T08:51:47.5850165Z,Using start-up script server.js from package.json.,,0
	2025-11-02T08:51:47.8828970Z,Node.js versions available on the platform are: 0.6.20&comma; 0.8.2&comma; 0.8.19&comma; 0.8.26&comma; 0.8.27&comma; 0.8.28&comma; 0.10.5&comma; 0.10.18&comma; 0.10.21&comma; 0.10.24&comma; 0.10.26&comma; 0.10.28&comma; 0.10.29&comma; 0.10.31&comma; 0.10.32&comma; 0.10.40&comma; 0.12.6&comma; 4.0.0&comma; 4.1.0&comma; 4.1.2&comma; 4.2.1&comma; 4.2.2&comma; 4.2.3&comma; 4.2.4&comma; 4.3.0&comma; 4.3.2&comma; 4.4.0&comma; 4.4.1&comma; 4.4.6&comma; 4.4.7&comma; 4.5.0&comma; 4.6.0&comma; 4.6.1&comma; 4.8.4&comma; 4.9.1&comma; 5.0.0&comma; 5.1.1&comma; 5.3.0&comma; 5.4.0&comma; 5.5.0&comma; 5.6.0&comma; 5.7.0&comma; 5.7.1&comma; 5.8.0&comma; 5.9.1&comma; 6.0.0&comma; 6.1.0&comma; 6.2.2&comma; 6.3.0&comma; 6.5.0&comma; 6.6.0&comma; 6.7.0&comma; 6.9.0&comma; 6.9.1&comma; 6.9.2&comma; 6.9.4&comma; 6.9.5&comma; 6.10.0&comma; 6.10.3&comma; 6.11.1&comma; 6.11.2&comma; 6.11.5&comma; 6.12.2&comma; 6.12.3&comma; 6.17.1&comma; 8.0.0&comma; 8.1.4&comma; 8.4.0&comma; 8.5.0&comma; 8.7.0&comma; 8.8.0&comma; 8.8.1&comma; 8.9.0&comma; 8.9.3&comma; 8.9.4&comma; 8.10.0&comma; 8.11.1&comma; 8.17.0&comma; 10.0.0&comma; 10.6.0&comma; 10.14.1&comma; 10.15.2&comma; 10.16.3&comma; 10.19.0&comma; 10.24.1&comma; 12.13.0&comma; 12.15.0&comma; 12.18.0&comma; 12.21.0&comma; 12.22.12&comma; 14.10.1&comma; 14.15.0&comma; 14.15.1&comma; 14.16.0&comma; 14.18.1&comma; 14.20.0&comma; 16.9.1&comma; 16.13.0&comma; 16.16.0&comma; 18.3.0&comma; 18.12.1&comma; 18.19.1&comma; 18.20.4&comma; 18.20.7&comma; 20.9.0&comma; 20.18.3&comma; 20.19.4&comma; 22.5.1&comma; 22.14.0&comma; 22.17.1.,,0
	2025-11-02T08:51:47.9290646Z,Selected node.js version 22.17.1. Use package.json file to choose a different version.,,0
	2025-11-02T08:51:47.9436272Z,Selected npm version 11.5.1,,0
	2025-11-02T08:51:47.9748406Z,Updating iisnode.yml at C:\home\site\wwwroot\iisnode.yml,,0
	2025-11-02T08:51:50.7775440Z,npm warn config production Use `--omit=dev` instead.,,1
	2025-11-02T08:52:04.3601674Z,,,0
	2025-11-02T08:52:04.3714454Z,up to date&comma; audited 192 packages in 14s,,0
	2025-11-02T08:52:04.3890358Z,npm notice,,1
	2025-11-02T08:52:04.4027242Z,,,0
	2025-11-02T08:52:04.4027242Z,37 packages are looking for funding,,0
	2025-11-02T08:52:04.4183226Z,npm notice New minor version of npm available! 11.5.1 -> 11.6.2,,1
	2025-11-02T08:52:04.4495734Z,  run `npm fund` for details,,0
	2025-11-02T08:52:04.4651982Z,npm notice Changelog: https://github.com/npm/cli/releases/tag/v11.6.2,,1
	2025-11-02T08:52:04.5590628Z,,,0
	2025-11-02T08:52:04.5590628Z,npm notice To update run: npm install -g npm@11.6.2,,1
	2025-11-02T08:52:04.5778677Z,found 0 vulnerabilities,,0
	2025-11-02T08:52:04.6059339Z,npm notice,,1
	2025-11-02T08:52:10.4690247Z,Finished successfully.,,0
2025-11-02T08:52:10.7777906Z,Running post deployment command(s)...,c5301284-d5b9-45f4-b62a-244896d6f435,0
2025-11-02T08:52:10.9184282Z,Triggering recycle (preview mode disabled).,d22633a2-12bf-4e8e-b253-a34f2b4976b1,0
2025-11-02T08:52:11.0758988Z,Deployment successful.,c56b455b-9a1b-4dbb-8256-94789a609ace,0
