2025-11-02T08:53:49.2241004Z,Updating submodules.,84257e88-2024-4a66-9ce6-23d2114108fb,0
2025-11-02T08:53:49.3798927Z,Preparing deployment for commit id '4da27fd563'.,f17eabf9-9c62-4c48-ad0c-102e3bfeda8d,0
2025-11-02T08:53:50.0236558Z,Generating deployment script.,722c8a4c-da60-4351-9fee-e327688b4019,0
	2025-11-02T08:53:50.3170371Z,Using cached version of deployment script (command: 'azure -y --no-dot-deployment -r "C:\local\Temp\zipdeploy\extracted" -o "C:\home\site\deployments\tools" --node --sitePath "C:\local\Temp\zipdeploy\extracted"').,,0
2025-11-02T08:53:50.3950030Z,Running deployment command...,66424dc5-34e1-478a-b68c-a004b223e618,0
	2025-11-02T08:53:50.4144982Z,Command: "C:\home\site\deployments\tools\deploy.cmd",,0
	2025-11-02T08:53:52.9262024Z,Handling node.js deployment.,,0
	2025-11-02T08:53:53.5355680Z,Creating app_offline.htm,,0
	2025-11-02T08:53:53.5694498Z,KuduSync.NET from: 'C:\local\Temp\zipdeploy\extracted' to: 'C:\home\site\wwwroot',,0
	2025-11-02T08:53:53.5980653Z,Copying file: 'package-lock.json',,0
	2025-11-02T08:53:53.6293130Z,Copying file: 'server.js',,0
	2025-11-02T08:53:53.6649978Z,Deleting app_offline.htm,,0
	2025-11-02T08:53:55.0380582Z,Using start-up script server.js from package.json.,,0
	2025-11-02T08:53:55.3863536Z,Node.js versions available on the platform are: 0.6.20&comma; 0.8.2&comma; 0.8.19&comma; 0.8.26&comma; 0.8.27&comma; 0.8.28&comma; 0.10.5&comma; 0.10.18&comma; 0.10.21&comma; 0.10.24&comma; 0.10.26&comma; 0.10.28&comma; 0.10.29&comma; 0.10.31&comma; 0.10.32&comma; 0.10.40&comma; 4.0.0&comma; 4.1.0&comma; 4.1.2&comma; 4.2.1&comma; 4.2.2&comma; 4.2.3&comma; 4.2.4&comma; 4.3.0&comma; 4.3.2&comma; 4.4.0&comma; 4.4.1&comma; 4.4.6&comma; 4.4.7&comma; 4.5.0&comma; 4.6.0&comma; 4.6.1&comma; 4.8.4&comma; 4.9.1&comma; 5.0.0&comma; 5.1.1&comma; 5.3.0&comma; 5.4.0&comma; 5.5.0&comma; 5.6.0&comma; 5.7.0&comma; 5.7.1&comma; 5.8.0&comma; 5.9.1&comma; 6.0.0&comma; 6.1.0&comma; 6.2.2&comma; 6.3.0&comma; 6.5.0&comma; 6.6.0&comma; 6.7.0&comma; 6.9.0&comma; 6.9.1&comma; 6.9.2&comma; 6.9.4&comma; 6.9.5&comma; 6.10.0&comma; 6.10.3&comma; 6.11.1&comma; 6.11.2&comma; 6.11.5&comma; 6.12.2&comma; 6.12.3&comma; 6.17.1&comma; 8.0.0&comma; 8.1.4&comma; 8.4.0&comma; 8.5.0&comma; 8.7.0&comma; 8.8.0&comma; 8.8.1&comma; 8.9.0&comma; 8.9.3&comma; 8.9.4&comma; 8.10.0&comma; 8.11.1&comma; 8.17.0&comma; 10.0.0&comma; 10.6.0&comma; 10.14.1&comma; 10.15.2&comma; 10.16.3&comma; 10.19.0&comma; 10.24.1&comma; 12.13.0&comma; 12.15.0&comma; 12.18.0&comma; 12.21.0&comma; 12.22.12&comma; 14.10.1&comma; 14.15.0&comma; 14.15.1&comma; 14.16.0&comma; 14.18.1&comma; 14.20.0&comma; 16.9.1&comma; 16.13.0&comma; 16.16.0&comma; 18.3.0&comma; 18.12.1&comma; 18.19.1&comma; 18.20.4&comma; 18.20.7&comma; 20.9.0&comma; 20.18.3&comma; 20.19.4&comma; 22.5.1&comma; 22.14.0&comma; 22.17.1.,,0
	2025-11-02T08:53:55.4322089Z,Selected node.js version 22.17.1. Use package.json file to choose a different version.,,0
	2025-11-02T08:53:55.4782864Z,Selected npm version 11.5.1,,0
	2025-11-02T08:53:55.5068010Z,Updating iisnode.yml at C:\home\site\wwwroot\iisnode.yml,,0
	2025-11-02T08:53:57.5880466Z,npm warn config production Use `--omit=dev` instead.,,1
	2025-11-02T08:54:09.2671200Z,,,0
	2025-11-02T08:54:09.2786552Z,up to date&comma; audited 192 packages in 12s,,0
	2025-11-02T08:54:09.2947440Z,npm notice,,1
	2025-11-02T08:54:09.3255293Z,,,0
	2025-11-02T08:54:09.3411564Z,37 packages are looking for funding,,0
	2025-11-02T08:54:09.3597036Z,npm notice New minor version of npm available! 11.5.1 -> 11.6.2,,1
	2025-11-02T08:54:09.3880297Z,  run `npm fund` for details,,0
	2025-11-02T08:54:09.4229515Z,npm notice Changelog: https://github.com/npm/cli/releases/tag/v11.6.2,,1
	2025-11-02T08:54:09.4505268Z,,,0
	2025-11-02T08:54:09.4505268Z,found 0 vulnerabilities,,0
	2025-11-02T08:54:09.4671794Z,npm notice To update run: npm install -g npm@11.6.2,,1
	2025-11-02T08:54:09.5759665Z,npm notice,,1
	2025-11-02T08:54:15.5938909Z,Finished successfully.,,0
2025-11-02T08:54:15.8254016Z,Running post deployment command(s)...,a8aa5e42-56f9-4b39-83c0-ce72f2a016dd,0
2025-11-02T08:54:15.9816770Z,Triggering recycle (preview mode disabled).,fbb9e8f8-206f-48b1-a35e-db5eefae5db2,0
2025-11-02T08:54:16.2654282Z,Deployment successful.,ac7dcd2b-d8c8-494f-a7a0-8c88ad2c5756,0
