2025-11-02T08:38:26.5693836Z,Updating submodules.,f1ca5d46-1614-4320-9fb4-150ac275118a,0
2025-11-02T08:38:26.7241270Z,Preparing deployment for commit id '958fc76da1'.,92856401-6dab-49f5-883a-6a7c012d8126,0
2025-11-02T08:38:27.1927866Z,Generating deployment script.,aebb0fcf-cd11-4ef4-9ed5-10b5dbc2c8c5,0
	2025-11-02T08:38:27.3352365Z,Using cached version of deployment script (command: 'azure -y --no-dot-deployment -r "C:\local\Temp\zipdeploy\extracted" -o "C:\home\site\deployments\tools" --node --sitePath "C:\local\Temp\zipdeploy\extracted"').,,0
2025-11-02T08:38:27.5055788Z,Running deployment command...,4b876b8f-18d8-4252-9e66-90e45c7e4612,0
	2025-11-02T08:38:27.5209047Z,Command: "C:\home\site\deployments\tools\deploy.cmd",,0
	2025-11-02T08:38:31.0732575Z,Handling node.js deployment.,,0
	2025-11-02T08:38:31.1029102Z,Creating app_offline.htm,,0
	2025-11-02T08:38:31.1970988Z,KuduSync.NET from: 'C:\local\Temp\zipdeploy\extracted' to: 'C:\home\site\wwwroot',,0
	2025-11-02T08:38:31.3529031Z,Copying file: 'package-lock.json',,0
	2025-11-02T08:38:31.3709811Z,Copying file: 'server.js',,0
	2025-11-02T08:38:31.4002707Z,Deleting app_offline.htm,,0
	2025-11-02T08:38:31.4310284Z,Using start-up script server.js from package.json.,,0
	2025-11-02T08:38:31.4623015Z,Node.js versions available on the platform are: 0.6.20&comma; 0.8.2&comma; 0.8.19&comma; 0.8.26&comma; 0.8.27&comma; 0.8.28&comma; 0.10.5&comma; 0.10.18&comma; 0.10.21&comma; 0.10.24&comma; 0.10.26&comma; 0.10.28&comma; 0.10.29&comma; 0.10.31&comma; 0.10.32&comma; 0.10.40&comma; 4.0.0&comma; 4.1.0&comma; 4.1.2&comma; 4.2.1&comma; 4.2.2&comma; 4.2.3&comma; 4.2.4&comma; 4.3.0&comma; 4.3.2&comma; 4.4.0&comma; 4.4.1&comma; 4.4.6&comma; 4.4.7&comma; 4.5.0&comma; 4.6.0&comma; 4.6.1&comma; 4.8.4&comma; 4.9.1&comma; 5.0.0&comma; 5.1.1&comma; 5.3.0&comma; 5.4.0&comma; 5.5.0&comma; 5.6.0&comma; 5.7.0&comma; 5.7.1&comma; 5.8.0&comma; 5.9.1&comma; 6.0.0&comma; 6.1.0&comma; 6.2.2&comma; 6.3.0&comma; 6.5.0&comma; 6.6.0&comma; 6.7.0&comma; 6.9.0&comma; 6.9.1&comma; 6.9.2&comma; 6.9.4&comma; 6.9.5&comma; 6.10.0&comma; 6.10.3&comma; 6.11.1&comma; 6.11.2&comma; 6.11.5&comma; 6.12.2&comma; 6.12.3&comma; 6.17.1&comma; 8.0.0&comma; 8.1.4&comma; 8.4.0&comma; 8.5.0&comma; 8.7.0&comma; 8.8.0&comma; 8.8.1&comma; 8.9.0&comma; 8.9.3&comma; 8.9.4&comma; 8.10.0&comma; 8.11.1&comma; 8.17.0&comma; 10.0.0&comma; 10.6.0&comma; 10.14.1&comma; 10.15.2&comma; 10.16.3&comma; 10.19.0&comma; 10.24.1&comma; 12.13.0&comma; 12.15.0&comma; 12.18.0&comma; 12.21.0&comma; 12.22.12&comma; 14.10.1&comma; 14.15.0&comma; 14.15.1&comma; 14.16.0&comma; 14.18.1&comma; 14.20.0&comma; 16.9.1&comma; 16.13.0&comma; 16.16.0&comma; 18.3.0&comma; 18.12.1&comma; 18.19.1&comma; 18.20.4&comma; 18.20.7&comma; 20.9.0&comma; 20.18.3&comma; 20.19.4&comma; 22.5.1&comma; 22.14.0&comma; 22.17.1.,,0
	2025-11-02T08:38:31.5091540Z,Selected node.js version 22.17.1. Use package.json file to choose a different version.,,0
	2025-11-02T08:38:31.5265219Z,Selected npm version 11.5.1,,0
	2025-11-02T08:38:31.5750647Z,Updating iisnode.yml at C:\home\site\wwwroot\iisnode.yml,,0
	2025-11-02T08:38:37.3233355Z,npm warn config production Use `--omit=dev` instead.,,1
	2025-11-02T08:38:44.4654761Z,,,0
	2025-11-02T08:38:44.4776463Z,up to date&comma; audited 192 packages in 11s,,0
	2025-11-02T08:38:44.5130524Z,,,0
	2025-11-02T08:38:44.5130524Z,37 packages are looking for funding,,0
	2025-11-02T08:38:44.5404568Z,  run `npm fund` for details,,0
	2025-11-02T08:38:44.5713915Z,,,0
	2025-11-02T08:38:44.5713915Z,found 0 vulnerabilities,,0
	2025-11-02T08:38:44.7436900Z,Finished successfully.,,0
2025-11-02T08:38:45.0088843Z,Running post deployment command(s)...,49b26148-2a6d-4303-9366-06b36f8f1a9e,0
2025-11-02T08:38:45.1651360Z,Triggering recycle (preview mode disabled).,811931db-ce66-40ee-8845-d02cd55a7721,0
2025-11-02T08:38:45.4189305Z,Deployment successful.,31e7625b-531f-4204-ac38-1f20bbd3d795,0
